
🔔 [2025-06-22 10:31:05] بدء التنفيذ
🔄 يوجد تغييرات جديدة:
?? git_uploader.log
?? git_uploader_pro.sh
[master 59b41bd] تحديث تلقائي: 2025-06-22 10:31:06
 2 files changed, 81 insertions(+)
 create mode 100644 git_uploader.log
 create mode 100644 git_uploader_pro.sh
✔ تم حفظ التغييرات
fatal: unable to access 'https://https://github.com/kareemrouc1/my-website.git/': Could not resolve host: https
❌ فشل في الرفع إلى GitHub
🔍 الأسباب المحتملة:
1. Token منتهي الصلاحية
2. مشكلة في الاتصال بالإنترنت

🔔 [2025-06-22 10:34:40] بدء التنفيذ
🔄 يوجد تغييرات جديدة:
 M git_uploader.log
 M git_uploader_pro.sh
[master c6dc3e5] تحديث تلقائي: 2025-06-22 10:34:40
 2 files changed, 16 insertions(+), 1 deletion(-)
✔ تم حفظ التغييرات
To https://github.com/kareemrouc1/my-website.git
   134c3b7..c6dc3e5  master -> master
✅ تم الرفع بنجاح
c6dc3e5 - تحديث تلقائي: 2025-06-22 10:34:40 (2 seconds ago)
🕒 [2025-06-22 10:34:42] انتهى التنفيذ بنجاح
══════════════════════════════════════

🔔 [2025-06-22 10:44:28] بدء التنفيذ
❌ خطأ: ملف التوكين غير موجود

🔔 [2025-06-22 10:51:07] بدء التنفيذ
❌ خطأ: ملف التوكين غير موجود

🔔 [2025-06-22 10:57:47] بدء التنفيذ
🔄 يوجد تغييرات:
 M .git_token
 M git_uploader.log
[master 2496250] تحديث تلقائي: 2025-06-22 10:57:47
 2 files changed, 21 insertions(+), 1 deletion(-)
✔ تم حفظ التغييرات
fatal: unable to access 'https://https://github.com/kareemrouc1/my-website.git/': Could not resolve host: https
❌ فشل في الرفع إلى GitHub

🔔 [2025-06-22 11:04:50] بدء التنفيذ
🔄 يوجد تغييرات:
 M git_uploader.log
[master 3c02ba9] تحديث تلقائي: 2025-06-22 11:04:51
 1 file changed, 9 insertions(+)
✔ تم حفظ التغييرات
To https://github.com/kareemrouc1/my-website.git
   c6dc3e5..3c02ba9  master -> master
✅ تم الرفع بنجاح
3c02ba9 - تحديث تلقائي: 2025-06-22 11:04:51 (1 second ago)
🕒 [2025-06-22 11:04:52] انتهى التنفيذ بنجاح
══════════════════════════════════════

🔔 [2025-06-22 11:06:55] بدء التنفيذ
🔄 يوجد تغييرات:
 M git_uploader.log
